<?xml version="1.0" encoding="UTF-8"?>
<!-- Generated by org.testng.reporters.JUnitXMLReporter -->
<testsuite ignored="0" hostname="ht-33" failures="0" tests="3" name="Test" time="37.596" errors="0" timestamp="2023-09-15T14:44:10 IST">
  <testcase classname="com.banking.testCase.TC_LoginTest_001" name="loginTest" time="4.918"/>
  <testcase classname="com.banking.testCase.TC_LoginTest_001" name="validUrl" time="1.122"/>
  <testcase classname="com.banking.testCase.TC_LoginTest_001" name="checkCourse" time="0.052"/>
</testsuite> <!-- Test -->
