<?xml version="1.0" encoding="UTF-8"?>
<testng-results ignored="0" total="2" passed="2" failed="0" skipped="0">
  <reporter-output>
  </reporter-output>
  <suite started-at="2023-09-15T11:54:01 IST" name="Default suite" finished-at="2023-09-15T11:54:10 IST" duration-ms="8505">
    <groups>
    </groups>
    <test started-at="2023-09-15T11:54:01 IST" name="Default test" finished-at="2023-09-15T11:54:10 IST" duration-ms="8505">
      <class name="com.banking.testCase.TC_LoginTest_001">
        <test-method is-config="true" signature="setUp()[pri:0, instance:com.banking.testCase.TC_LoginTest_001@3e8c3cb]" started-at="2023-09-15T11:54:01 IST" name="setUp" finished-at="2023-09-15T11:54:04 IST" duration-ms="2472" status="PASS">
          <reporter-output>
          </reporter-output>
        </test-method> <!-- setUp -->
        <test-method signature="loginTest()[pri:0, instance:com.banking.testCase.TC_LoginTest_001@3e8c3cb]" started-at="2023-09-15T11:54:04 IST" name="loginTest" finished-at="2023-09-15T11:54:08 IST" duration-ms="4412" status="PASS">
          <reporter-output>
          </reporter-output>
        </test-method> <!-- loginTest -->
        <test-method signature="validUrl()[pri:0, instance:com.banking.testCase.TC_LoginTest_001@3e8c3cb]" started-at="2023-09-15T11:54:08 IST" name="validUrl" finished-at="2023-09-15T11:54:09 IST" depends-on-methods="com.banking.testCase.TC_LoginTest_001.loginTest" duration-ms="1400" status="PASS">
          <reporter-output>
          </reporter-output>
        </test-method> <!-- validUrl -->
        <test-method is-config="true" signature="tearDown()[pri:0, instance:com.banking.testCase.TC_LoginTest_001@3e8c3cb]" started-at="2023-09-15T11:54:09 IST" name="tearDown" finished-at="2023-09-15T11:54:10 IST" duration-ms="168" status="PASS">
          <reporter-output>
          </reporter-output>
        </test-method> <!-- tearDown -->
      </class> <!-- com.banking.testCase.TC_LoginTest_001 -->
    </test> <!-- Default test -->
  </suite> <!-- Default suite -->
</testng-results>
